{"/Users/Artur_Kalach/lucifers_dance/react-native-a11y/src/utils/arraysEqual/arraysEqual.ts": {"path":"/Users/Artur_Kalach/lucifers_dance/react-native-a11y/src/utils/arraysEqual/arraysEqual.ts","statementMap":{"0":{"start":{"line":1,"column":27},"end":{"line":12,"column":1}},"1":{"start":{"line":2,"column":4},"end":{"line":4,"column":5}},"2":{"start":{"line":3,"column":6},"end":{"line":3,"column":19}},"3":{"start":{"line":6,"column":4},"end":{"line":10,"column":5}},"4":{"start":{"line":6,"column":17},"end":{"line":6,"column":18}},"5":{"start":{"line":7,"column":6},"end":{"line":9,"column":7}},"6":{"start":{"line":8,"column":8},"end":{"line":8,"column":21}},"7":{"start":{"line":11,"column":4},"end":{"line":11,"column":16}}},"fnMap":{"0":{"name":"(anonymous_0)","decl":{"start":{"line":1,"column":27},"end":{"line":1,"column":28}},"loc":{"start":{"line":1,"column":50},"end":{"line":12,"column":1}},"line":1}},"branchMap":{"0":{"loc":{"start":{"line":2,"column":4},"end":{"line":4,"column":5}},"type":"if","locations":[{"start":{"line":2,"column":4},"end":{"line":4,"column":5}},{"start":{},"end":{}}],"line":2},"1":{"loc":{"start":{"line":7,"column":6},"end":{"line":9,"column":7}},"type":"if","locations":[{"start":{"line":7,"column":6},"end":{"line":9,"column":7}},{"start":{},"end":{}}],"line":7}},"s":{"0":1,"1":6,"2":1,"3":5,"4":5,"5":7,"6":2,"7":3},"f":{"0":6},"b":{"0":[1,5],"1":[2,5]},"_coverageSchema":"1a1c01bbd47fc00a2c39e90264f33305004495a9","hash":"485b354e0b53d6e0ba64d7e60a88680dc0c1da8e"}
}
